<?xml version="1.0" encoding="UTF-8"?>
<!-- Generated by org.testng.reporters.JUnitReportReporter -->
<testsuite hostname="DESKTOP-KCRKB83" failures="0" tests="1" name="Pkg.Abc" time="5.341" errors="0" timestamp="2024-05-31T00:42:27 IST" skipped="0">
  <testcase classname="Pkg.Abc" name="setup" time="5.341"/>
</testsuite> <!-- Pkg.Abc -->
