<?xml version="1.0" encoding="UTF-8"?>
<!-- Generated by org.testng.reporters.JUnitReportReporter -->
<testsuite hostname="DESKTOP-KCRKB83" failures="0" tests="1" name="Test.Blazeregistertest" time="30.542" errors="0" timestamp="2024-06-01T10:48:33 IST" skipped="0">
  <testcase classname="Test.Blazeregistertest" name="testlogin" time="30.542"/>
</testsuite> <!-- Test.Blazeregistertest -->
